\BOOKMARK [0][-]{spisTresci.1.0}{\376\377\000S\000p\000i\000s\000\040\000t\000r\000e\001\133\000c\000i}{}% 1
\BOOKMARK [0][-]{spisRysunkow.1.0}{\376\377\000S\000p\000i\000s\000\040\000r\000y\000s\000u\000n\000k\000\363\000w}{}% 2
\BOOKMARK [0][-]{spisTabel.1.0}{\376\377\000S\000p\000i\000s\000\040\000t\000a\000b\000e\000l}{}% 3
\BOOKMARK [0][-]{skroty.1.0}{\376\377\000S\000k\000r\000\363\000t\000y}{}% 4
\BOOKMARK [0][-]{chapter.1}{\376\377\000W\000s\000t\001\031\000p}{}% 5
\BOOKMARK [1][-]{section.1.1}{\376\377\000C\000e\000l\000\040\000i\000\040\000z\000a\000k\000r\000e\000s\000\040\000p\000r\000a\000c\000y}{chapter.1}% 6
\BOOKMARK [1][-]{section.1.2}{\376\377\000Z\000a\000d\000a\000n\000i\000a\000\040\000d\000o\000\040\000w\000y\000k\000o\000n\000a\000n\000i\000a}{chapter.1}% 7
\BOOKMARK [1][-]{section.1.3}{\376\377\000P\000r\000z\000e\000b\000i\000e\000g\000\040\000r\000e\000a\000l\000i\000z\000a\000c\000j\000i\000\040\000p\000r\000o\000j\000e\000k\000t\000u}{chapter.1}% 8
\BOOKMARK [0][-]{chapter.2}{\376\377\000A\000n\000a\000l\000i\000z\000a\000\040\000r\000u\000c\000h\000u\000\040\000r\000o\000b\000o\000t\000a}{}% 9
\BOOKMARK [1][-]{section.2.1}{\376\377\000M\000o\000d\000e\000l\000\040\000d\000y\000n\000a\000m\000i\000k\000i\000\040\000r\000o\000b\000o\000t\000a\000\040\000b\000a\000l\000a\000n\000s\000u\000j\001\005\000c\000e\000g\000o}{chapter.2}% 10
\BOOKMARK [1][-]{section.2.2}{\376\377\000S\000t\000e\000r\000o\000w\000a\000n\000i\000e}{chapter.2}% 11
\BOOKMARK [0][-]{chapter.3}{\376\377\000A\000k\000w\000i\000z\000y\000c\000j\000a\000\040\000i\000\040\000w\000y\000k\000o\000r\000z\000y\000s\000t\000a\000n\000i\000e\000\040\000d\000a\000n\000y\000c\000h\000\040\000z\000\040\000c\000z\000u\000j\000n\000i\000k\000\363\000w\000\040\000r\000u\000c\000h\000u}{}% 12
\BOOKMARK [1][-]{section.3.1}{\376\377\001\173\000y\000r\000o\000s\000k\000o\000p}{chapter.3}% 13
\BOOKMARK [1][-]{section.3.2}{\376\377\000P\000r\000z\000y\000s\000p\000i\000e\000s\000z\000e\000n\000i\000o\000m\000i\000e\000r\000z}{chapter.3}% 14
\BOOKMARK [1][-]{section.3.3}{\376\377\000M\000a\000g\000n\000e\000t\000o\000m\000e\000t\000r}{chapter.3}% 15
\BOOKMARK [2][-]{subsection.3.3.1}{\376\377\000K\000o\000m\000p\000e\000n\000s\000a\000c\000j\000a\000\040\000e\000f\000e\000k\000t\000u\000\040\000,\000,\000S\000o\000f\000t\000\040\000I\000r\000o\000n\000"\000i\000\040\000,\000,\000H\000a\000r\000d\000\040\000I\000r\000o\000n\000'\000'}{section.3.3}% 16
\BOOKMARK [2][-]{subsection.3.3.2}{\376\377\000K\000o\000m\000p\000e\000n\000s\000a\000c\000j\000a\000\040\000k\001\005\000t\000a\000\040\000w\000y\000c\000h\000y\000l\000e\000n\000i\000a\000\040\000m\000a\000g\000n\000e\000t\000o\000m\000e\000t\000r\000u}{section.3.3}% 17
\BOOKMARK [1][-]{section.3.4}{\376\377\000M\000e\000t\000o\000d\000y\000\040\000n\000u\000m\000e\000r\000y\000c\000z\000n\000e\000\040\000p\000o\000z\000w\000a\000l\000a\000j\001\005\000c\000e\000\040\000u\000z\000y\000s\000k\000a\001\007\000\040\000o\000r\000i\000e\000n\000t\000a\000c\000j\001\031\000\040\000c\000z\000u\000j\000n\000i\000k\000a}{chapter.3}% 18
\BOOKMARK [2][-]{subsection.3.4.1}{\376\377\000K\001\005\000t\000y\000\040\000E\000u\000l\000e\000r\000a}{section.3.4}% 19
\BOOKMARK [2][-]{subsection.3.4.2}{\376\377\000P\000r\000o\000c\000e\000s\000\040\000c\000a\001\102\000k\000o\000w\000a\000n\000i\000a}{section.3.4}% 20
\BOOKMARK [2][-]{subsection.3.4.3}{\376\377\000F\000u\000n\000k\000c\000j\000e\000\040\000c\000y\000k\000l\000o\000m\000e\000t\000r\000y\000c\000z\000n\000e}{section.3.4}% 21
\BOOKMARK [0][-]{chapter.4}{\376\377\000W\000y\000b\000r\000a\000n\000e\000\040\000m\000e\000t\000o\000d\000y\000\040\000f\000u\000z\000j\000i\000\040\000s\000y\000g\000n\000a\001\102\000\363\000w}{}% 22
\BOOKMARK [1][-]{section.4.1}{\376\377\000F\000i\000l\000t\000r\000\040\000k\000o\000m\000p\000l\000e\000m\000e\000n\000t\000a\000r\000n\000y}{chapter.4}% 23
\BOOKMARK [2][-]{subsection.4.1.1}{\376\377\000F\000i\000l\000t\000r\000\040\000d\000o\000l\000n\000o\000p\000r\000z\000e\000p\000u\000s\000t\000o\000w\000y}{section.4.1}% 24
\BOOKMARK [2][-]{subsection.4.1.2}{\376\377\000F\000i\000l\000t\000r\000\040\000g\000\363\000r\000n\000o\000p\000r\000z\000e\000p\000u\000s\000t\000o\000w\000y}{section.4.1}% 25
\BOOKMARK [2][-]{subsection.4.1.3}{\376\377\000R\000\363\000w\000n\000a\000n\000i\000e\000\040\000f\000i\000l\000t\000r\000u\000\040\000k\000o\000m\000p\000l\000e\000m\000e\000n\000t\000a\000r\000n\000e\000g\000o}{section.4.1}% 26
\BOOKMARK [2][-]{subsection.4.1.4}{\376\377\000T\000e\000s\000t\000y\000\040\000s\000y\000m\000u\000l\000a\000c\000y\000j\000n\000e}{section.4.1}% 27
\BOOKMARK [1][-]{section.4.2}{\376\377\000F\000i\000l\000t\000r\000\040\000K\000a\000l\000m\000a\000n\000a}{chapter.4}% 28
\BOOKMARK [2][-]{subsection.4.2.1}{\376\377\000R\000\363\000w\000n\000a\000n\000i\000e\000\040\000s\000t\000a\000n\000u\000\040\000o\000b\000i\000e\000k\000t\000u}{section.4.2}% 29
\BOOKMARK [2][-]{subsection.4.2.2}{\376\377\000R\000\363\000w\000n\000a\000n\000i\000e\000\040\000f\000i\000l\000t\000r\000u\000\040\000K\000a\000l\000m\000a\000n\000a}{section.4.2}% 30
\BOOKMARK [2][-]{subsection.4.2.3}{\376\377\000T\000e\000s\000t\000y\000\040\000s\000y\000m\000u\000l\000a\000c\000y\000j\000n\000e}{section.4.2}% 31
\BOOKMARK [1][-]{section.4.3}{\376\377\000F\000i\000l\000t\000r\000\040\000M\000a\000d\000g\000w\000i\000c\000k\000a}{chapter.4}% 32
\BOOKMARK [2][-]{subsection.4.3.1}{\376\377\000K\000w\000a\000t\000e\000r\000n\000i\000o\000n\000y}{section.4.3}% 33
\BOOKMARK [2][-]{subsection.4.3.2}{\376\377\000Z\000a\000s\000a\000d\000a\000\040\000d\000z\000i\000a\001\102\000a\000n\000i\000a\000\040\000a\000l\000g\000o\000r\000y\000t\000m\000u}{section.4.3}% 34
\BOOKMARK [2][-]{subsection.4.3.3}{\376\377\000T\000e\000s\000t\000y\000\040\000s\000y\000m\000u\000l\000a\000c\000y\000j\000n\000e}{section.4.3}% 35
\BOOKMARK [0][-]{chapter.5}{\376\377\000B\000u\000d\000o\000w\000a\000\040\000d\000w\000u\000k\000o\001\102\000o\000w\000e\000g\000o\000\040\000r\000o\000b\000o\000t\000a\000\040\000b\000a\000l\000a\000n\000s\000u\000j\001\005\000c\000e\000g\000o\000\040\000i\000\040\000i\000m\000p\000l\000e\000m\000e\000n\000t\000a\000c\000j\000a\000\040\000a\000l\000g\000o\000r\000y\000t\000m\000\363\000w}{}% 36
\BOOKMARK [1][-]{section.5.1}{\376\377\000K\000o\000n\000s\000t\000r\000u\000k\000c\000j\000a\000\040\000m\000e\000c\000h\000a\000n\000i\000c\000z\000n\000a}{chapter.5}% 37
\BOOKMARK [1][-]{section.5.2}{\376\377\000U\000k\001\102\000a\000d\000\040\000e\000l\000e\000k\000t\000r\000o\000n\000i\000c\000z\000n\000y}{chapter.5}% 38
\BOOKMARK [2][-]{subsection.5.2.1}{\376\377\000Z\000a\000s\000i\000l\000a\000n\000i\000e}{section.5.2}% 39
\BOOKMARK [2][-]{subsection.5.2.2}{\376\377\000J\000e\000d\000n\000o\000s\000t\000k\000a\000\040\000i\000n\000e\000r\000c\000y\000j\000n\000a\000\040\000M\000P\000U\0009\0002\0005\0000}{section.5.2}% 40
\BOOKMARK [2][-]{subsection.5.2.3}{\376\377\000M\000o\000d\000u\001\102\000\040\000B\000l\000u\000e\000t\000o\000o\000t\000h\000\040\000H\000C\040\023\0000\0005}{section.5.2}% 41
\BOOKMARK [2][-]{subsection.5.2.4}{\376\377\000S\000i\000l\000n\000i\000k\000i\000\040\000k\000r\000o\000k\000o\000w\000e\000\040\000o\000r\000a\000z\000\040\000s\000t\000e\000r\000o\000w\000n\000i\000k\000i\000\040\000A\0004\0009\0008\0008}{section.5.2}% 42
\BOOKMARK [1][-]{section.5.3}{\376\377\000K\000o\000n\000f\000i\000g\000u\000r\000a\000c\000j\000a\000\040\000m\000i\000k\000r\000o\000k\000o\000n\000t\000r\000o\000l\000e\000r\000a\000\040\000i\000\040\000p\000e\000r\000y\000f\000e\000r\000i\000\363\000w}{chapter.5}% 43
\BOOKMARK [2][-]{subsection.5.3.1}{\376\377\000A\000D\000C}{section.5.3}% 44
\BOOKMARK [2][-]{subsection.5.3.2}{\376\377\000P\000W\000M}{section.5.3}% 45
\BOOKMARK [2][-]{subsection.5.3.3}{\376\377\000I\0002\000C}{section.5.3}% 46
\BOOKMARK [2][-]{subsection.5.3.4}{\376\377\000U\000S\000A\000R\000T}{section.5.3}% 47
\BOOKMARK [2][-]{subsection.5.3.5}{\376\377\000S\000y\000s\000t\000e\000m\000\040\000c\000z\000a\000s\000u\000\040\000r\000z\000e\000c\000z\000y\000w\000i\000s\000t\000e\000g\000o\000\040\000F\000r\000e\000e\000R\000T\000O\000S}{section.5.3}% 48
\BOOKMARK [1][-]{section.5.4}{\376\377\000O\000p\000r\000o\000g\000r\000a\000m\000o\000w\000a\000n\000i\000e}{chapter.5}% 49
\BOOKMARK [2][-]{subsection.5.4.1}{\376\377\000S\000t\000r\000u\000k\000t\000u\000r\000a\000\040\000p\000r\000o\000g\000r\000a\000m\000u\000\040\000i\000\040\000a\000l\000g\000o\000r\000y\000t\000m\000\040\000s\000t\000e\000r\000o\000w\000a\000n\000i\000a}{section.5.4}% 50
\BOOKMARK [2][-]{subsection.5.4.2}{\376\377\000I\000m\000p\000l\000e\000m\000e\000n\000t\000a\000c\000j\000a\000\040\000a\000k\000w\000i\000z\000y\000c\000j\000i\000\040\000d\000a\000n\000y\000c\000h\000\040\000z\000\040\000c\000z\000u\000j\000n\000i\000k\000\363\000w\000\040\000r\000u\000c\000h\000u}{section.5.4}% 51
\BOOKMARK [2][-]{subsection.5.4.3}{\376\377\000I\000m\000p\000l\000e\000m\000e\000n\000t\000a\000c\000j\000a\000\040\000f\000u\000z\000j\000i\000\040\000s\000y\000g\000n\000a\001\102\000\363\000w}{section.5.4}% 52
\BOOKMARK [2][-]{subsection.5.4.4}{\376\377\000P\000o\000j\000e\000d\000y\000n\000c\000z\000y\000\040\000r\000e\000g\000u\000l\000a\000t\000o\000r\000\040\000P\000I\000D}{section.5.4}% 53
\BOOKMARK [2][-]{subsection.5.4.5}{\376\377\000K\000a\000s\000k\000a\000d\000a\000\040\000r\000e\000g\000u\000l\000a\000t\000o\000r\000\363\000w\000\040\000P\000I\000D}{section.5.4}% 54
\BOOKMARK [2][-]{subsection.5.4.6}{\376\377\000O\000b\000s\001\102\000u\000g\000a\000\040\000s\000i\000l\000n\000i\000k\000\363\000w\000\040\000k\000r\000o\000k\000o\000w\000y\000c\000h}{section.5.4}% 55
\BOOKMARK [2][-]{subsection.5.4.7}{\376\377\000P\000o\000m\000i\000a\000r\000\040\000s\000t\000a\000n\000u\000\040\000a\000k\000u\000m\000u\000l\000a\000t\000o\000r\000a}{section.5.4}% 56
\BOOKMARK [2][-]{subsection.5.4.8}{\376\377\000K\000o\000m\000u\000n\000i\000k\000a\000c\000j\000a\000\040\000b\000e\000z\000p\000r\000z\000e\000w\000o\000d\000o\000w\000a\000\040\000z\000\040\000k\000o\000m\000p\000u\000t\000e\000r\000e\000m}{section.5.4}% 57
\BOOKMARK [1][-]{section.5.5}{\376\377\000T\000e\000s\000t\000y\000\040\000e\000k\000s\000p\000e\000r\000y\000m\000e\000n\000t\000a\000l\000n\000e}{chapter.5}% 58
\BOOKMARK [0][-]{chapter.6}{\376\377\000A\000p\000l\000i\000k\000a\000c\000j\000a\000\040\000d\000o\000\040\000w\000i\000z\000u\000a\000l\000i\000z\000a\000c\000j\000i\000\040\000d\000a\000n\000y\000c\000h\000\040\000s\000e\000n\000s\000o\000r\000y\000c\000z\000n\000y\000c\000h\000\040\000i\000\040\000k\000o\000m\000u\000n\000i\000k\000a\000c\000j\000i\000\040\000z\000\040\000r\000o\000b\000o\000t\000e\000m}{}% 59
\BOOKMARK [1][-]{section.6.1}{\376\377\000S\000t\000r\000u\000k\000t\000u\000r\000a\000\040\000p\000r\000o\000g\000r\000a\000m\000u}{chapter.6}% 60
\BOOKMARK [1][-]{section.6.2}{\376\377\000F\000u\000n\000k\000c\000j\000o\000n\000a\000l\000n\000o\001\133\000c\000i\000\040\000p\000r\000o\000g\000r\000a\000m\000u}{chapter.6}% 61
\BOOKMARK [1][-]{section.6.3}{\376\377\000I\000n\000t\000e\000r\000f\000e\000j\000s\000\040\000g\000r\000a\000f\000i\000c\000z\000n\000y}{chapter.6}% 62
\BOOKMARK [0][-]{chapter.7}{\376\377\000T\000e\000s\000t\000y\000\040\000e\000k\000s\000p\000e\000r\000y\000m\000e\000n\000t\000a\000l\000n\000e}{}% 63
\BOOKMARK [0][-]{chapter*.2}{\376\377\000L\000i\000t\000e\000r\000a\000t\000u\000r\000a}{}% 64
\BOOKMARK [0][-]{appendix.A}{\376\377\000T\000y\000t\000u\001\102\000\040\000d\000o\000d\000a\000t\000k\000u}{}% 65
\BOOKMARK [0][-]{appendix.B}{\376\377\000O\000p\000i\000s\000\040\000z\000a\001\102\001\005\000c\000z\000o\000n\000e\000j\000\040\000p\001\102\000y\000t\000y\000\040\000C\000D\000/\000D\000V\000D}{}% 66
\BOOKMARK [0][-]{section*.3}{\376\377\000I\000n\000d\000e\000k\000s\000\040\000r\000z\000e\000c\000z\000o\000w\000y}{}% 67
