This is pdfTeX, Version 3.14159265-2.6-1.40.20 (TeX Live 2019) (preloaded format=pdflatex 2019.9.24)  5 NOV 2019 20:02
entering extended mode
 restricted \write18 enabled.
 %&-line parsing enabled.
**main.tex
(./main.tex
LaTeX2e <2018-12-01>
(/usr/local/texlive/2019/texmf-dist/tex/latex/memoir/memoir.cls
Document Class: memoir 2018/12/12 v3.7h configurable book, report, article docu
ment class
\onelineskip=\skip41
\lxvchars=\skip42
\xlvchars=\skip43
\@memcnta=\count80
\c@@memmarkcntra=\count81
(/usr/local/texlive/2019/texmf-dist/tex/generic/oberdiek/ifpdf.sty
Package: ifpdf 2018/09/07 v3.3 Provides the ifpdf switch
)
(/usr/local/texlive/2019/texmf-dist/tex/latex/ifetex/ifetex.sty
Package: ifetex 2018/03/31 v1.2a ifetex

(/usr/local/texlive/2019/texmf-dist/tex/plain/ifetex/ifetex.tex))
(/usr/local/texlive/2019/texmf-dist/tex/generic/ifxetex/ifxetex.sty
Package: ifxetex 2010/09/12 v0.6 Provides ifxetex conditional
)
(/usr/local/texlive/2019/texmf-dist/tex/generic/oberdiek/ifluatex.sty
Package: ifluatex 2016/05/16 v1.4 Provides the ifluatex switch (HO)
Package ifluatex Info: LuaTeX not detected.
)
\stockheight=\skip44
\stockwidth=\skip45
\trimtop=\skip46
\trimedge=\skip47
LaTeX Font Info:    Try loading font information for T1+lmr on input line 661.

(/usr/local/texlive/2019/texmf-dist/tex/latex/lm/t1lmr.fd
File: t1lmr.fd 2009/10/30 v1.6 Font defs for Latin Modern
)
(/usr/local/texlive/2019/texmf-dist/tex/latex/memoir/mem12.clo
File: mem12.clo 2010/10/19 v0.4b memoir class 12pt size option
)
(/usr/local/texlive/2019/texmf-dist/tex/latex/lm/lmodern.sty
Package: lmodern 2009/10/30 v1.6 Latin Modern Fonts
LaTeX Font Info:    Overwriting symbol font `operators' in version `normal'
(Font)                  OT1/cmr/m/n --> OT1/lmr/m/n on input line 22.
LaTeX Font Info:    Overwriting symbol font `letters' in version `normal'
(Font)                  OML/cmm/m/it --> OML/lmm/m/it on input line 23.
LaTeX Font Info:    Overwriting symbol font `symbols' in version `normal'
(Font)                  OMS/cmsy/m/n --> OMS/lmsy/m/n on input line 24.
LaTeX Font Info:    Overwriting symbol font `largesymbols' in version `normal'
(Font)                  OMX/cmex/m/n --> OMX/lmex/m/n on input line 25.
LaTeX Font Info:    Overwriting symbol font `operators' in version `bold'
(Font)                  OT1/cmr/bx/n --> OT1/lmr/bx/n on input line 26.
LaTeX Font Info:    Overwriting symbol font `letters' in version `bold'
(Font)                  OML/cmm/b/it --> OML/lmm/b/it on input line 27.
LaTeX Font Info:    Overwriting symbol font `symbols' in version `bold'
(Font)                  OMS/cmsy/b/n --> OMS/lmsy/b/n on input line 28.
LaTeX Font Info:    Overwriting symbol font `largesymbols' in version `bold'
(Font)                  OMX/cmex/m/n --> OMX/lmex/m/n on input line 29.
LaTeX Font Info:    Overwriting math alphabet `\mathbf' in version `normal'
(Font)                  OT1/cmr/bx/n --> OT1/lmr/bx/n on input line 31.
LaTeX Font Info:    Overwriting math alphabet `\mathsf' in version `normal'
(Font)                  OT1/cmss/m/n --> OT1/lmss/m/n on input line 32.
LaTeX Font Info:    Overwriting math alphabet `\mathit' in version `normal'
(Font)                  OT1/cmr/m/it --> OT1/lmr/m/it on input line 33.
LaTeX Font Info:    Overwriting math alphabet `\mathtt' in version `normal'
(Font)                  OT1/cmtt/m/n --> OT1/lmtt/m/n on input line 34.
LaTeX Font Info:    Overwriting math alphabet `\mathbf' in version `bold'
(Font)                  OT1/cmr/bx/n --> OT1/lmr/bx/n on input line 35.
LaTeX Font Info:    Overwriting math alphabet `\mathsf' in version `bold'
(Font)                  OT1/cmss/bx/n --> OT1/lmss/bx/n on input line 36.
LaTeX Font Info:    Overwriting math alphabet `\mathit' in version `bold'
(Font)                  OT1/cmr/bx/it --> OT1/lmr/bx/it on input line 37.
LaTeX Font Info:    Overwriting math alphabet `\mathtt' in version `bold'
(Font)                  OT1/cmtt/m/n --> OT1/lmtt/m/n on input line 38.
)
(/usr/local/texlive/2019/texmf-dist/tex/latex/base/fontenc.sty
Package: fontenc 2018/08/11 v2.0j Standard LaTeX package

(/usr/local/texlive/2019/texmf-dist/tex/latex/base/t1enc.def
File: t1enc.def 2018/08/11 v2.0j Standard LaTeX file
LaTeX Font Info:    Redeclaring font encoding T1 on input line 48.
))
\binding=\skip48
\spinemargin=\skip49
\foremargin=\skip50
\uppermargin=\skip51
\lowermargin=\skip52
\headdrop=\skip53
\normalrulethickness=\skip54
\mem@maxheadheight=\skip55
\mem@maxfootheight=\skip56
\headwidth=\skip57
\c@storedpagenumber=\count82
\memPD=\dimen102
\m@mabparskip=\skip58
\thanksmarkwidth=\skip59
\thanksmarksep=\skip60
\droptitle=\skip61
\c@book=\count83
\c@part=\count84
\c@chapter=\count85
\c@section=\count86
\c@subsection=\count87
\c@subsubsection=\count88
\c@paragraph=\count89
\c@subparagraph=\count90
\beforechapskip=\skip62
\midchapskip=\skip63
\afterchapskip=\skip64
\chapindent=\skip65
\bottomsectionskip=\skip66
\secindent=\skip67
\beforesecskip=\skip68
\aftersecskip=\skip69
\subsecindent=\skip70
\beforesubsecskip=\skip71
\aftersubsecskip=\skip72
\subsubsecindent=\skip73
\beforesubsubsecskip=\skip74
\aftersubsubsecskip=\skip75
\paraindent=\skip76
\beforeparaskip=\skip77
\afterparaskip=\skip78
\subparaindent=\skip79
\beforesubparaskip=\skip80
\aftersubparaskip=\skip81
\pfbreakskip=\skip82
\c@@ppsavesec=\count91
\c@@ppsaveapp=\count92
\ragrparindent=\dimen103
\everylistparindent=\dimen104
\parsepi=\skip83
\topsepi=\skip84
\itemsepi=\skip85
\parsepii=\skip86
\topsepii=\skip87
\topsepiii=\skip88
\itemsepii=\skip89
\itemsepiii=\skip90
\partopsepii=\skip91
\partopsepiii=\skip92
\m@msavetopsep=\skip93
\m@msavepartopsep=\skip94
\@enLab=\toks14
\abstitleskip=\skip95
\absleftindent=\skip96
\abs@leftindent=\dimen105
\absrightindent=\skip97
\absparindent=\skip98
\absparsep=\skip99
\c@vslineno=\count93
\c@poemline=\count94
\c@modulo@vs=\count95
\c@memfvsline=\count96
\vleftskip=\skip100
\vrightskip=\skip101
\stanzaskip=\skip102
\versewidth=\skip103
\vgap=\skip104
\vindent=\skip105
\vleftmargin=\dimen106
\c@verse=\count97
\c@chrsinstr=\count98
\beforepoemtitleskip=\skip106
\afterpoemtitleskip=\skip107
\c@poem=\count99
\beforePoemTitleskip=\skip108
\midPoemTitleskip=\skip109
\afterPoemTitleskip=\skip110

(/usr/local/texlive/2019/texmf-dist/tex/latex/tools/array.sty
Package: array 2018/12/30 v2.4k Tabular extension package (FMi)
\col@sep=\dimen107
\ar@mcellbox=\box27
\extrarowheight=\dimen108
\NC@list=\toks15
\extratabsurround=\skip111
\backup@length=\skip112
\ar@cellbox=\box28
)
(/usr/local/texlive/2019/texmf-dist/tex/latex/tools/dcolumn.sty
Package: dcolumn 2014/10/28 v1.06 decimal alignment package (DPC)
)
(/usr/local/texlive/2019/texmf-dist/tex/latex/tools/delarray.sty
Package: delarray 2014/10/28 v1.01 array delimiter package (DPC)
)
(/usr/local/texlive/2019/texmf-dist/tex/latex/tools/tabularx.sty
Package: tabularx 2016/02/03 v2.11b `tabularx' package (DPC)
\TX@col@width=\dimen109
\TX@old@table=\dimen110
\TX@old@col=\dimen111
\TX@target=\dimen112
\TX@delta=\dimen113
\TX@cols=\count100
\TX@ftn=\toks16
)
\heavyrulewidth=\dimen114
\lightrulewidth=\dimen115
\cmidrulewidth=\dimen116
\belowrulesep=\dimen117
\belowbottomsep=\dimen118
\aboverulesep=\dimen119
\abovetopsep=\dimen120
\cmidrulesep=\dimen121
\cmidrulekern=\dimen122
\defaultaddspace=\dimen123
\@cmidla=\count101
\@cmidlb=\count102
\@aboverulesep=\dimen124
\@belowrulesep=\dimen125
\@thisruleclass=\count103
\@lastruleclass=\count104
\@thisrulewidth=\dimen126
\ctableftskip=\skip113
\ctabrightskip=\skip114
\abovecolumnspenalty=\count105
\@linestogo=\count106
\@cellstogo=\count107
\@cellsincolumn=\count108
\crtok=\toks17
\@mincolumnwidth=\dimen127
\c@newflo@tctr=\count109
\mem@margin@floatbox=\box29
\@contcwidth=\skip115
\@contindw=\skip116
\abovecaptionskip=\skip117
\belowcaptionskip=\skip118
\subfloattopskip=\skip119
\subfloatcapskip=\skip120
\subfloatcaptopadj=\skip121
\subfloatbottomskip=\skip122
\subfloatlabelskip=\skip123
\subfloatcapmargin=\dimen128
\c@@contsubnum=\count110
\m@mscap@capbox=\box30
\m@mscap@fbox=\box31
\sidecapsep=\dimen129
\sidecapwidth=\dimen130
\m@m@tempdima=\dimen131
\m@mscapraise=\dimen132
\sidecapraise=\dimen133
\m@mscapmainwidth=\dimen134
\m@mscaplkern=\dimen135
\beforeepigraphskip=\skip124
\afterepigraphskip=\skip125
\epigraphwidth=\skip126
\epigraphrule=\skip127
LaTeX Info: Redefining \em on input line 7592.
LaTeX Info: Redefining \emph on input line 7600.
\tocentryskip=\skip128
\tocbaseline=\skip129
\cftparskip=\skip130
\cftbeforebookskip=\skip131
\cftbookindent=\dimen136
\cftbooknumwidth=\dimen137
\cftbeforepartskip=\skip132
\cftpartindent=\skip133
\cftpartnumwidth=\skip134
\cftbeforechapterskip=\skip135
\cftchapterindent=\skip136
\cftchapternumwidth=\skip137
\cftbeforesectionskip=\skip138
\cftsectionindent=\skip139
\cftsectionnumwidth=\skip140
\cftbeforesubsectionskip=\skip141
\cftsubsectionindent=\skip142
\cftsubsectionnumwidth=\skip143
\cftbeforesubsubsectionskip=\skip144
\cftsubsubsectionindent=\skip145
\cftsubsubsectionnumwidth=\skip146
\cftbeforeparagraphskip=\skip147
\cftparagraphindent=\skip148
\cftparagraphnumwidth=\skip149
\cftbeforesubparagraphskip=\skip150
\cftsubparagraphindent=\skip151
\cftsubparagraphnumwidth=\skip152
\prechapterprecisshift=\dimen138
\c@maxsecnumdepth=\count111
\bibindent=\dimen139
\bibitemsep=\skip153
\indexcolsep=\skip154
\indexrule=\skip155
\indexmarkstyle=\toks18
\@indexbox=\insert199
\glossarycolsep=\dimen140
\glossaryrule=\dimen141
\sideparvshift=\skip156
\sideins=\insert198
\sidebartopsep=\skip157
\sidebarhsep=\skip158
\sidebarvsep=\skip159
\sidebarwidth=\skip160
\footmarkwidth=\skip161
\footmarksep=\skip162
\footparindent=\skip163
\footinsdim=\skip164
\footinsv@r=\insert197
\@mpfootinsv@r=\insert196
\m@m@k=\count112
\m@m@h=\dimen142
\m@mipn@skip=\skip165
\sidefootins=\insert195
\sidefootadjust=\skip166
\sidefootheight=\skip167
\sidefoothsep=\skip168
\sidefootvsep=\skip169
\sidefootwidth=\skip170
\m@mdownsf=\skip171
\c@sidefootnote=\count113
\sidefootmarkwidth=\skip172
\sidefootmarksep=\skip173
\sidefootparindent=\skip174
\c@pagenote=\count114
\c@pagenoteshadow=\count115
\mem@pn@lastkern=\skip175
\every@verbatim=\toks19
\afterevery@verbatim=\toks20
\verbatim@line=\toks21
\tab@position=\count116
\verbatim@in@stream=\read1
\verbatimindent=\skip176
\verbatim@out=\write3
\bvboxsep=\skip177
\c@memfbvline=\count117
\c@bvlinectr=\count118
\bvnumlength=\skip178
\fb@frw=\dimen143
\fb@frh=\dimen144
\FrameRule=\dimen145
\FrameSep=\dimen146
\c@cp@cntr=\count119
LaTeX Info: Redefining \: on input line 12114.
LaTeX Info: Redefining \! on input line 12116.
\c@ism@mctr=\count120
\c@xsm@mctr=\count121
\c@csm@mctr=\count122
\c@ksm@mctr=\count123
\c@xksm@mctr=\count124
\c@cksm@mctr=\count125
\c@msm@mctr=\count126
\c@xmsm@mctr=\count127
\c@cmsm@mctr=\count128
\c@bsm@mctr=\count129
\c@workm@mctr=\count130
\c@sheetsequence=\count131
\c@lastsheet=\count132
\c@lastpage=\count133
\c@figure=\count134
\c@lofdepth=\count135
\cftbeforefigureskip=\skip179
\cftfigureindent=\skip180
\cftfigurenumwidth=\skip181
\c@table=\count136
\c@lotdepth=\count137
\cftbeforetableskip=\skip182
\cfttableindent=\skip183
\cfttablenumwidth=\skip184
Package abstract [2008/07/23] emulated by memoir.
Package appendix [2008/07/23] emulated by memoir.
Package booktabs [2016/05/16] emulated by memoir.
Package ccaption [2008/07/23] emulated by memoir.
Package changepage [2008/07/23] emulated by memoir.
Package chngcntr [2008/07/23] emulated by memoir.
Package chngpage [2008/07/23] emulated by memoir.
Package crop emulated by memoir.
Package enumerate [2008/07/23] emulated by memoir.
Package epigraph [2008/07/23] emulated by memoir.
Package ifmtarg [2008/07/23] emulated by memoir.
Package index [2008/07/23] emulated by memoir.
Package makeidx [2008/07/23] emulated by memoir.
Package moreverb [2008/07/23] emulated by memoir.
Package mparhack [2008/07/23] emulated by memoir.
Package needspace [2008/07/23] emulated by memoir.
Package newfile [2008/07/23] emulated by memoir.
Package nextpage [2008/07/23] emulated by memoir.
Package pagenote [2008/07/23] emulated by memoir.
Package parskip [2008/07/23] emulated by memoir.
Package patchcmd [2008/07/23] emulated by memoir.
Package setspace [2008/07/23] emulated by memoir.
Package shortvrb [2008/07/23] emulated by memoir.
Package showidx [2008/07/23] emulated by memoir.
Package titleref [2008/07/23] emulated by memoir.
Package titling [2008/07/23] emulated by memoir.
Package tocbibind [2008/07/23] emulated by memoir.
Package tocloft [2008/07/23] emulated by memoir.
Package tocvsec2 [2008/07/23] emulated by memoir.
Package verbatim [2008/07/23] emulated by memoir.
Package verse [2008/07/23] emulated by memoir.
)
(/usr/local/texlive/2019/texmf-dist/tex/latex/base/inputenc.sty
Package: inputenc 2018/08/11 v1.3c Input encoding file
\inpenc@prehook=\toks22
\inpenc@posthook=\toks23
)
(/usr/local/texlive/2019/texmf-dist/tex/latex/base/fontenc.sty
Package: fontenc 2018/08/11 v2.0j Standard LaTeX package

(/usr/local/texlive/2019/texmf-dist/tex/latex/base/t1enc.def
File: t1enc.def 2018/08/11 v2.0j Standard LaTeX file
LaTeX Font Info:    Redeclaring font encoding T1 on input line 48.
))
(/usr/local/texlive/2019/texmf-dist/tex/generic/babel/babel.sty
Package: babel 2019/07/19 3.33 The Babel package

(/usr/local/texlive/2019/texmf-dist/tex/generic/babel/switch.def
File: switch.def 2019/07/19 3.33 Babel switching mechanism
)
(/usr/local/texlive/2019/texmf-dist/tex/generic/babel-polish/polish.ldf
Language: polish 2005/03/31 v1.2l Polish support from the babel system

(/usr/local/texlive/2019/texmf-dist/tex/generic/babel/babel.def
File: babel.def 2019/07/19 3.33 Babel common definitions
\babel@savecnt=\count138
\U@D=\dimen147

(/usr/local/texlive/2019/texmf-dist/tex/generic/babel/txtbabel.def)
\bbl@dirlevel=\count139
)
Package babel Info: Making " an active character on input line 83.
\pl@left=\dimen148
\pl@down=\dimen149
\pl@right=\dimen150
\pl@temp=\dimen151
))
(/usr/local/texlive/2019/texmf-dist/tex/latex/graphics/color.sty
Package: color 2016/07/10 v1.1e Standard LaTeX Color (DPC)

(/usr/local/texlive/2019/texmf-dist/tex/latex/graphics-cfg/color.cfg
File: color.cfg 2016/01/02 v1.6 sample color configuration
)
Package color Info: Driver file: pdftex.def on input line 147.

(/usr/local/texlive/2019/texmf-dist/tex/latex/graphics-def/pdftex.def
File: pdftex.def 2018/01/08 v1.0l Graphics/color driver for pdftex
))
(/usr/local/texlive/2019/texmf-dist/tex/latex/tools/calc.sty
Package: calc 2017/05/25 v4.3 Infix arithmetic (KKT,FJ)
\calc@Acount=\count140
\calc@Bcount=\count141
\calc@Adimen=\dimen152
\calc@Bdimen=\dimen153
\calc@Askip=\skip185
\calc@Bskip=\skip186
LaTeX Info: Redefining \setlength on input line 80.
LaTeX Info: Redefining \addtolength on input line 81.
\calc@Ccount=\count142
\calc@Cskip=\skip187
)
(/usr/local/texlive/2019/texmf-dist/tex/latex/amsmath/amsmath.sty
Package: amsmath 2018/12/01 v2.17b AMS math features
\@mathmargin=\skip188

For additional information on amsmath, use the `?' option.
(/usr/local/texlive/2019/texmf-dist/tex/latex/amsmath/amstext.sty
Package: amstext 2000/06/29 v2.01 AMS text

(/usr/local/texlive/2019/texmf-dist/tex/latex/amsmath/amsgen.sty
File: amsgen.sty 1999/11/30 v2.0 generic functions
\@emptytoks=\toks24
\ex@=\dimen154
))
(/usr/local/texlive/2019/texmf-dist/tex/latex/amsmath/amsbsy.sty
Package: amsbsy 1999/11/29 v1.2d Bold Symbols
\pmbraise@=\dimen155
)
(/usr/local/texlive/2019/texmf-dist/tex/latex/amsmath/amsopn.sty
Package: amsopn 2016/03/08 v2.02 operator names
)
\inf@bad=\count143
LaTeX Info: Redefining \frac on input line 223.
\uproot@=\count144
\leftroot@=\count145
LaTeX Info: Redefining \overline on input line 385.
\classnum@=\count146
\DOTSCASE@=\count147
LaTeX Info: Redefining \ldots on input line 482.
LaTeX Info: Redefining \dots on input line 485.
LaTeX Info: Redefining \cdots on input line 606.
\Mathstrutbox@=\box32
\strutbox@=\box33
\big@size=\dimen156
LaTeX Font Info:    Redeclaring font encoding OML on input line 729.
LaTeX Font Info:    Redeclaring font encoding OMS on input line 730.
\macc@depth=\count148
\c@MaxMatrixCols=\count149
\dotsspace@=\muskip10
\c@parentequation=\count150
\dspbrk@lvl=\count151
\tag@help=\toks25
\row@=\count152
\column@=\count153
\maxfields@=\count154
\andhelp@=\toks26
\eqnshift@=\dimen157
\alignsep@=\dimen158
\tagshift@=\dimen159
\tagwidth@=\dimen160
\totwidth@=\dimen161
\lineht@=\dimen162
\@envbody=\toks27
\multlinegap=\skip189
\multlinetaggap=\skip190
\mathdisplay@stack=\toks28
LaTeX Info: Redefining \[ on input line 2844.
LaTeX Info: Redefining \] on input line 2845.
)
(/usr/local/texlive/2019/texmf-dist/tex/latex/placeins/placeins.sty
Package: placeins 2005/04/18  v 2.2
)
(/usr/local/texlive/2019/texmf-dist/tex/latex/ebgaramond/ebgaramond.sty
Package: ebgaramond 2019/04/23 (Bob Tennent and autoinst) Style file for EB Gar
amond fonts.

(/usr/local/texlive/2019/texmf-dist/tex/latex/xkeyval/xkeyval.sty
Package: xkeyval 2014/12/03 v2.7a package option processing (HA)

(/usr/local/texlive/2019/texmf-dist/tex/generic/xkeyval/xkeyval.tex
(/usr/local/texlive/2019/texmf-dist/tex/generic/xkeyval/xkvutils.tex
\XKV@toks=\toks29
\XKV@tempa@toks=\toks30

(/usr/local/texlive/2019/texmf-dist/tex/generic/xkeyval/keyval.tex))
\XKV@depth=\count155
File: xkeyval.tex 2014/12/03 v2.7a key=value parser (HA)
))
(/usr/local/texlive/2019/texmf-dist/tex/latex/base/textcomp.sty
Package: textcomp 2018/08/11 v2.0j Standard LaTeX package
Package textcomp Info: Sub-encoding information:
(textcomp)               5 = only ISO-Adobe without \textcurrency
(textcomp)               4 = 5 + \texteuro
(textcomp)               3 = 4 + \textohm
(textcomp)               2 = 3 + \textestimated + \textcurrency
(textcomp)               1 = TS1 - \textcircled - \t
(textcomp)               0 = TS1 (full)
(textcomp)             Font families with sub-encoding setting implement
(textcomp)             only a restricted character set as indicated.
(textcomp)             Family '?' is the default used for unknown fonts.
(textcomp)             See the documentation for details.
Package textcomp Info: Setting ? sub-encoding to TS1/1 on input line 79.

(/usr/local/texlive/2019/texmf-dist/tex/latex/base/ts1enc.def
File: ts1enc.def 2001/06/05 v3.0e (jk/car/fm) Standard LaTeX file
Now handling font encoding TS1 ...
... processing UTF-8 mapping file for font encoding TS1

(/usr/local/texlive/2019/texmf-dist/tex/latex/base/ts1enc.dfu
File: ts1enc.dfu 2018/10/05 v1.2f UTF-8 support for inputenc
   defining Unicode char U+00A2 (decimal 162)
   defining Unicode char U+00A3 (decimal 163)
   defining Unicode char U+00A4 (decimal 164)
   defining Unicode char U+00A5 (decimal 165)
   defining Unicode char U+00A6 (decimal 166)
   defining Unicode char U+00A7 (decimal 167)
   defining Unicode char U+00A8 (decimal 168)
   defining Unicode char U+00A9 (decimal 169)
   defining Unicode char U+00AA (decimal 170)
   defining Unicode char U+00AC (decimal 172)
   defining Unicode char U+00AE (decimal 174)
   defining Unicode char U+00AF (decimal 175)
   defining Unicode char U+00B0 (decimal 176)
   defining Unicode char U+00B1 (decimal 177)
   defining Unicode char U+00B2 (decimal 178)
   defining Unicode char U+00B3 (decimal 179)
   defining Unicode char U+00B4 (decimal 180)
   defining Unicode char U+00B5 (decimal 181)
   defining Unicode char U+00B6 (decimal 182)
   defining Unicode char U+00B7 (decimal 183)
   defining Unicode char U+00B9 (decimal 185)
   defining Unicode char U+00BA (decimal 186)
   defining Unicode char U+00BC (decimal 188)
   defining Unicode char U+00BD (decimal 189)
   defining Unicode char U+00BE (decimal 190)
   defining Unicode char U+00D7 (decimal 215)
   defining Unicode char U+00F7 (decimal 247)
   defining Unicode char U+0192 (decimal 402)
   defining Unicode char U+02C7 (decimal 711)
   defining Unicode char U+02D8 (decimal 728)
   defining Unicode char U+02DD (decimal 733)
   defining Unicode char U+0E3F (decimal 3647)
   defining Unicode char U+2016 (decimal 8214)
   defining Unicode char U+2020 (decimal 8224)
   defining Unicode char U+2021 (decimal 8225)
   defining Unicode char U+2022 (decimal 8226)
   defining Unicode char U+2030 (decimal 8240)
   defining Unicode char U+2031 (decimal 8241)
   defining Unicode char U+203B (decimal 8251)
   defining Unicode char U+203D (decimal 8253)
   defining Unicode char U+2044 (decimal 8260)
   defining Unicode char U+204E (decimal 8270)
   defining Unicode char U+2052 (decimal 8274)
   defining Unicode char U+20A1 (decimal 8353)
   defining Unicode char U+20A4 (decimal 8356)
   defining Unicode char U+20A6 (decimal 8358)
   defining Unicode char U+20A9 (decimal 8361)
   defining Unicode char U+20AB (decimal 8363)
   defining Unicode char U+20AC (decimal 8364)
   defining Unicode char U+20B1 (decimal 8369)
   defining Unicode char U+2103 (decimal 8451)
   defining Unicode char U+2116 (decimal 8470)
   defining Unicode char U+2117 (decimal 8471)
   defining Unicode char U+211E (decimal 8478)
   defining Unicode char U+2120 (decimal 8480)
   defining Unicode char U+2122 (decimal 8482)
   defining Unicode char U+2126 (decimal 8486)
   defining Unicode char U+2127 (decimal 8487)
   defining Unicode char U+212E (decimal 8494)
   defining Unicode char U+2190 (decimal 8592)
   defining Unicode char U+2191 (decimal 8593)
   defining Unicode char U+2192 (decimal 8594)
   defining Unicode char U+2193 (decimal 8595)
   defining Unicode char U+2329 (decimal 9001)
   defining Unicode char U+232A (decimal 9002)
   defining Unicode char U+2422 (decimal 9250)
   defining Unicode char U+25E6 (decimal 9702)
   defining Unicode char U+25EF (decimal 9711)
   defining Unicode char U+266A (decimal 9834)
   defining Unicode char U+FEFF (decimal 65279)
))
LaTeX Info: Redefining \oldstylenums on input line 334.
Package textcomp Info: Setting cmr sub-encoding to TS1/0 on input line 349.
Package textcomp Info: Setting cmss sub-encoding to TS1/0 on input line 350.
Package textcomp Info: Setting cmtt sub-encoding to TS1/0 on input line 351.
Package textcomp Info: Setting cmvtt sub-encoding to TS1/0 on input line 352.
Package textcomp Info: Setting cmbr sub-encoding to TS1/0 on input line 353.
Package textcomp Info: Setting cmtl sub-encoding to TS1/0 on input line 354.
Package textcomp Info: Setting ccr sub-encoding to TS1/0 on input line 355.
Package textcomp Info: Setting ptm sub-encoding to TS1/4 on input line 356.
Package textcomp Info: Setting pcr sub-encoding to TS1/4 on input line 357.
Package textcomp Info: Setting phv sub-encoding to TS1/4 on input line 358.
Package textcomp Info: Setting ppl sub-encoding to TS1/3 on input line 359.
Package textcomp Info: Setting pag sub-encoding to TS1/4 on input line 360.
Package textcomp Info: Setting pbk sub-encoding to TS1/4 on input line 361.
Package textcomp Info: Setting pnc sub-encoding to TS1/4 on input line 362.
Package textcomp Info: Setting pzc sub-encoding to TS1/4 on input line 363.
Package textcomp Info: Setting bch sub-encoding to TS1/4 on input line 364.
Package textcomp Info: Setting put sub-encoding to TS1/5 on input line 365.
Package textcomp Info: Setting uag sub-encoding to TS1/5 on input line 366.
Package textcomp Info: Setting ugq sub-encoding to TS1/5 on input line 367.
Package textcomp Info: Setting ul8 sub-encoding to TS1/4 on input line 368.
Package textcomp Info: Setting ul9 sub-encoding to TS1/4 on input line 369.
Package textcomp Info: Setting augie sub-encoding to TS1/5 on input line 370.
Package textcomp Info: Setting dayrom sub-encoding to TS1/3 on input line 371.
Package textcomp Info: Setting dayroms sub-encoding to TS1/3 on input line 372.

Package textcomp Info: Setting pxr sub-encoding to TS1/0 on input line 373.
Package textcomp Info: Setting pxss sub-encoding to TS1/0 on input line 374.
Package textcomp Info: Setting pxtt sub-encoding to TS1/0 on input line 375.
Package textcomp Info: Setting txr sub-encoding to TS1/0 on input line 376.
Package textcomp Info: Setting txss sub-encoding to TS1/0 on input line 377.
Package textcomp Info: Setting txtt sub-encoding to TS1/0 on input line 378.
Package textcomp Info: Setting lmr sub-encoding to TS1/0 on input line 379.
Package textcomp Info: Setting lmdh sub-encoding to TS1/0 on input line 380.
Package textcomp Info: Setting lmss sub-encoding to TS1/0 on input line 381.
Package textcomp Info: Setting lmssq sub-encoding to TS1/0 on input line 382.
Package textcomp Info: Setting lmvtt sub-encoding to TS1/0 on input line 383.
Package textcomp Info: Setting lmtt sub-encoding to TS1/0 on input line 384.
Package textcomp Info: Setting qhv sub-encoding to TS1/0 on input line 385.
Package textcomp Info: Setting qag sub-encoding to TS1/0 on input line 386.
Package textcomp Info: Setting qbk sub-encoding to TS1/0 on input line 387.
Package textcomp Info: Setting qcr sub-encoding to TS1/0 on input line 388.
Package textcomp Info: Setting qcs sub-encoding to TS1/0 on input line 389.
Package textcomp Info: Setting qpl sub-encoding to TS1/0 on input line 390.
Package textcomp Info: Setting qtm sub-encoding to TS1/0 on input line 391.
Package textcomp Info: Setting qzc sub-encoding to TS1/0 on input line 392.
Package textcomp Info: Setting qhvc sub-encoding to TS1/0 on input line 393.
Package textcomp Info: Setting futs sub-encoding to TS1/4 on input line 394.
Package textcomp Info: Setting futx sub-encoding to TS1/4 on input line 395.
Package textcomp Info: Setting futj sub-encoding to TS1/4 on input line 396.
Package textcomp Info: Setting hlh sub-encoding to TS1/3 on input line 397.
Package textcomp Info: Setting hls sub-encoding to TS1/3 on input line 398.
Package textcomp Info: Setting hlst sub-encoding to TS1/3 on input line 399.
Package textcomp Info: Setting hlct sub-encoding to TS1/5 on input line 400.
Package textcomp Info: Setting hlx sub-encoding to TS1/5 on input line 401.
Package textcomp Info: Setting hlce sub-encoding to TS1/5 on input line 402.
Package textcomp Info: Setting hlcn sub-encoding to TS1/5 on input line 403.
Package textcomp Info: Setting hlcw sub-encoding to TS1/5 on input line 404.
Package textcomp Info: Setting hlcf sub-encoding to TS1/5 on input line 405.
Package textcomp Info: Setting pplx sub-encoding to TS1/3 on input line 406.
Package textcomp Info: Setting pplj sub-encoding to TS1/3 on input line 407.
Package textcomp Info: Setting ptmx sub-encoding to TS1/4 on input line 408.
Package textcomp Info: Setting ptmj sub-encoding to TS1/4 on input line 409.
)
(/usr/local/texlive/2019/texmf-dist/tex/latex/base/fontenc.sty
Package: fontenc 2018/08/11 v2.0j Standard LaTeX package
)
(/usr/local/texlive/2019/texmf-dist/tex/latex/fontaxes/fontaxes.sty
Package: fontaxes 2014/03/23 v1.0d Font selection axes
LaTeX Info: Redefining \upshape on input line 29.
LaTeX Info: Redefining \itshape on input line 31.
LaTeX Info: Redefining \slshape on input line 33.
LaTeX Info: Redefining \scshape on input line 37.
)
(/usr/local/texlive/2019/texmf-dist/tex/latex/mweights/mweights.sty
Package: mweights 2017/03/30 (Bob Tennent) Support package for multiple-weight 
font packages. 
LaTeX Info: Redefining \bfseries on input line 22.
LaTeX Info: Redefining \mdseries on input line 30.
LaTeX Info: Redefining \rmfamily on input line 38.
LaTeX Info: Redefining \sffamily on input line 66.
LaTeX Info: Redefining \ttfamily on input line 94.
)
LaTeX Info: Redefining \swshape on input line 176.
LaTeX Info: Redefining \oldstylenums on input line 183.
LaTeX Info: Redefining \textsw on input line 191.
)
(/usr/local/texlive/2019/texmf-dist/tex/latex/tex-gyre/tgtermes.sty
Package: tgtermes 2009/09/27 v1.2 TeX Gyre Termes as default roman family

(/usr/local/texlive/2019/texmf-dist/tex/latex/oberdiek/kvoptions.sty
Package: kvoptions 2016/05/16 v3.12 Key value format for package options (HO)

(/usr/local/texlive/2019/texmf-dist/tex/generic/oberdiek/ltxcmds.sty
Package: ltxcmds 2016/05/16 v1.23 LaTeX kernel commands for general use (HO)
)
(/usr/local/texlive/2019/texmf-dist/tex/generic/oberdiek/kvsetkeys.sty
Package: kvsetkeys 2016/05/16 v1.17 Key value parser (HO)

(/usr/local/texlive/2019/texmf-dist/tex/generic/oberdiek/infwarerr.sty
Package: infwarerr 2016/05/16 v1.4 Providing info/warning/error messages (HO)
)
(/usr/local/texlive/2019/texmf-dist/tex/generic/oberdiek/etexcmds.sty
Package: etexcmds 2016/05/16 v1.6 Avoid name clashes with e-TeX commands (HO)
))))
(/usr/local/texlive/2019/texmf-dist/tex/latex/listings/listings.sty
\lst@mode=\count156
\lst@gtempboxa=\box34
\lst@token=\toks31
\lst@length=\count157
\lst@currlwidth=\dimen163
\lst@column=\count158
\lst@pos=\count159
\lst@lostspace=\dimen164
\lst@width=\dimen165
\lst@newlines=\count160
\lst@lineno=\count161
\lst@maxwidth=\dimen166

(/usr/local/texlive/2019/texmf-dist/tex/latex/listings/lstmisc.sty
File: lstmisc.sty 2019/09/10 1.8c (Carsten Heinz)
\c@lstnumber=\count162
\lst@skipnumbers=\count163
\lst@framebox=\box35
)
(/usr/local/texlive/2019/texmf-dist/tex/latex/listings/listings.cfg
File: listings.cfg 2019/09/10 1.8c listings configuration
))
Package: listings 2019/09/10 1.8c (Carsten Heinz)


******************************************************
Stock height and width: 845.04684pt by 597.50787pt
Top and edge trims: 0pt and 0pt
Page height and width: 845.04684pt by 597.50787pt
Text height and width: 726.71497pt by 455pt
Spine and edge margins: 71.13188pt and 71.13188pt
Upper and lower margins: 52.05275pt and 66.27913pt
Headheight and headsep: 13.6pt and 10pt
Footskip: 23.6pt
Columnsep and columnseprule: 10pt and 0pt
Marginparsep and marginparwidth: 5.69054pt and 59.75081pt
Sidecapsep and sidecapwidth: 7pt and 92pt
Sidebarhsep and sidebarwidth: 7pt and 92pt
Sidebarvsep and sidebartopsep: 14.5pt and 0pt
Sidebarheight: 590.14995pt
Sidefoothsep and sidefootwidth: 7pt and 92pt
Sidefootvsep and sidefootheight: 14.5pt and 590.14995pt
******************************************************

(./memlays.sty
Package: memlays 2002/08/10 v1.0 Extra membook layouts

(/usr/local/texlive/2019/texmf-dist/tex/latex/layouts/layouts.sty
Package: layouts 2009/09/02 v2.6d graphical depiction of document elements
\l@ylen=\skip191
\layoutsbox=\box36
\l@youtunitlength=\skip192
\l@youtlinethick=\skip193
\l@youtlinethickii=\skip194
\l@ysetupparskip=\skip256
\l@ysetupbaselineskip=\skip257
\l@yonem=\skip258
\l@yonex=\skip259
\l@ylmarg=\skip260
\l@yrmarg=\skip261
\l@yitmindent=\skip262
\l@ylblwidth=\skip263
\l@ylblsep=\skip264
\l@ylparindent=\skip265
\l@ytsep=\skip266
\l@ypskip=\skip267
\l@yptsep=\skip268
\l@ypsep=\skip269
\l@yitmsep=\skip270
\l@ytok=\toks32
\l@youtpw=\count164
\l@youtph=\count165
\l@youthpi=\count166
\l@youthpii=\count167
\l@youthpiii=\count168
\l@youthpiv=\count169
\l@youthpv=\count170
\l@youthpvi=\count171
\l@youthpvii=\count172
\l@youtparskip=\count173
\l@youtvpi=\count174
\l@youtvpii=\count175
\l@youtvpiii=\count176
\l@youtvpiv=\count177
\l@youtvpv=\count178
\l@youtvpvi=\count179
\l@youtvpvii=\count180
\l@youthdo=\count181
\l@youthdi=\count182
\l@youthdii=\count183
\l@youthdiii=\count184
\l@youthdiv=\count185
\l@youthdv=\count186
\l@youthdvi=\count187
\l@youthdvii=\count188
\l@youtvdo=\count189
\l@youtvdi=\count190
\l@youtvdii=\count191
\l@youtvdiii=\count192
\l@youtvdiv=\count193
\l@youtvdv=\count194
\l@youtvdvi=\count266
\l@youtvdvii=\count267
\l@youtvdviii=\count268
\l@youtxci=\count269
\l@youtxcii=\count270
\l@youtxciii=\count271
\l@youtxciv=\count272
\l@youtxcv=\count273
\l@youtxcvi=\count274
\l@youtyci=\count275
\l@youtycii=\count276
\l@youtyciii=\count277
\l@youtyciv=\count278
\l@youtycv=\count279
\l@youtycvi=\count280
\l@youtycvii=\count281
\l@youtycviii=\count282
\l@youtxco=\count283
\l@youtyco=\count284
\l@ytempdima=\skip271
))
(/usr/local/texlive/2019/texmf-dist/tex/latex/printlen/printlen.sty
Package: printlen 2009/09/03 v1.1a print lengths with units
)
(/usr/local/texlive/2019/texmf-dist/tex/latex/enumitem/enumitem.sty
Package: enumitem 2019/06/20 v3.9 Customized lists
\enitkv@toks@=\toks33
\labelindent=\skip272
\enit@outerparindent=\dimen167
\enit@toks=\toks34
\enit@inbox=\box37
\enit@count@id=\count285
\enitdp@description=\count286
)
(/usr/local/texlive/2019/texmf-dist/tex/latex/imakeidx/imakeidx.sty
Package: imakeidx 2016/10/15 v1.3e Package for typesetting indices in a synchro
nous mode

(/usr/local/texlive/2019/texmf-dist/tex/latex/tools/multicol.sty
Package: multicol 2018/12/27 v1.8v multicolumn formatting (FMi)
\c@tracingmulticols=\count287
\mult@box=\box38
\multicol@leftmargin=\dimen168
\c@unbalance=\count288
\c@collectmore=\count289
\doublecol@number=\count290
\multicoltolerance=\count291
\multicolpretolerance=\count292
\full@width=\dimen169
\page@free=\dimen170
\premulticols=\dimen171
\postmulticols=\dimen172
\multicolsep=\skip273
\multicolbaselineskip=\skip274
\partial@page=\box39
\last@line=\box40
\maxbalancingoverflow=\dimen173
\mult@rightbox=\box41
\mult@grightbox=\box42
\mult@gfirstbox=\box43
\mult@firstbox=\box44
\@tempa=\box45
\@tempa=\box46
\@tempa=\box47
\@tempa=\box48
\@tempa=\box49
\@tempa=\box50
\@tempa=\box51
\@tempa=\box52
\@tempa=\box53
\@tempa=\box54
\@tempa=\box55
\@tempa=\box56
\@tempa=\box57
\@tempa=\box58
\@tempa=\box59
\@tempa=\box60
\@tempa=\box61
\c@columnbadness=\count293
\c@finalcolumnbadness=\count294
\last@try=\dimen174
\multicolovershoot=\dimen175
\multicolundershoot=\dimen176
\mult@nat@firstbox=\box62
\colbreak@box=\box63
\mc@col@check@num=\count295
))
\main@idxfile=\write4
\openout4 = `main.idx'.


Writing index file main.idx
(/usr/local/texlive/2019/texmf-dist/tex/latex/hyperref/hyperref.sty
Package: hyperref 2019/09/12 v6.88i Hypertext links for LaTeX

(/usr/local/texlive/2019/texmf-dist/tex/generic/oberdiek/hobsub-hyperref.sty
Package: hobsub-hyperref 2016/05/16 v1.14 Bundle oberdiek, subset hyperref (HO)


(/usr/local/texlive/2019/texmf-dist/tex/generic/oberdiek/hobsub-generic.sty
Package: hobsub-generic 2016/05/16 v1.14 Bundle oberdiek, subset generic (HO)
Package: hobsub 2016/05/16 v1.14 Construct package bundles (HO)
Package hobsub Info: Skipping package `infwarerr' (already loaded).
Package hobsub Info: Skipping package `ltxcmds' (already loaded).
Package hobsub Info: Skipping package `ifluatex' (already loaded).
Package: ifvtex 2016/05/16 v1.6 Detect VTeX and its facilities (HO)
Package ifvtex Info: VTeX not detected.
Package: intcalc 2016/05/16 v1.2 Expandable calculations with integers (HO)
Package hobsub Info: Skipping package `ifpdf' (already loaded).
Package hobsub Info: Skipping package `etexcmds' (already loaded).
Package hobsub Info: Skipping package `kvsetkeys' (already loaded).
Package: kvdefinekeys 2016/05/16 v1.4 Define keys (HO)
Package: pdftexcmds 2019/07/25 v0.30 Utility functions of pdfTeX for LuaTeX (HO
)
Package pdftexcmds Info: LuaTeX not detected.
Package pdftexcmds Info: \pdf@primitive is available.
Package pdftexcmds Info: \pdf@ifprimitive is available.
Package pdftexcmds Info: \pdfdraftmode found.
Package: pdfescape 2016/05/16 v1.14 Implements pdfTeX's escape features (HO)
Package: bigintcalc 2016/05/16 v1.4 Expandable calculations on big integers (HO
)
Package: bitset 2016/05/16 v1.2 Handle bit-vector datatype (HO)
Package: uniquecounter 2016/05/16 v1.3 Provide unlimited unique counter (HO)
)
Package hobsub Info: Skipping package `hobsub' (already loaded).
Package: letltxmacro 2016/05/16 v1.5 Let assignment for LaTeX macros (HO)
Package: hopatch 2016/05/16 v1.3 Wrapper for package hooks (HO)
Package: xcolor-patch 2016/05/16 xcolor patch
Package: atveryend 2016/05/16 v1.9 Hooks at the very end of document (HO)
Package atveryend Info: \enddocument detected (standard20110627).
Package: atbegshi 2016/06/09 v1.18 At begin shipout hook (HO)
Package: refcount 2016/05/16 v3.5 Data extraction from label references (HO)
Package: hycolor 2016/05/16 v1.8 Color options for hyperref/bookmark (HO)
)
(/usr/local/texlive/2019/texmf-dist/tex/latex/oberdiek/auxhook.sty
Package: auxhook 2016/05/16 v1.4 Hooks for auxiliary files (HO)
)
\@linkdim=\dimen177
\Hy@linkcounter=\count296
\Hy@pagecounter=\count297

(/usr/local/texlive/2019/texmf-dist/tex/latex/hyperref/pd1enc.def
File: pd1enc.def 2019/09/12 v6.88i Hyperref: PDFDocEncoding definition (HO)
Now handling font encoding PD1 ...
... no UTF-8 mapping file for font encoding PD1
)
\Hy@SavedSpaceFactor=\count298

(/usr/local/texlive/2019/texmf-dist/tex/latex/latexconfig/hyperref.cfg
File: hyperref.cfg 2002/06/06 v1.2 hyperref configuration of TeXLive
)
Package hyperref Info: Option `bookmarks' set `true' on input line 4424.
Package hyperref Info: Option `breaklinks' set `true' on input line 4424.
Package hyperref Info: Option `unicode' set `true' on input line 4424.

(/usr/local/texlive/2019/texmf-dist/tex/latex/hyperref/puenc.def
File: puenc.def 2019/09/12 v6.88i Hyperref: PDF Unicode definition (HO)
Now handling font encoding PU ...
... no UTF-8 mapping file for font encoding PU
)
Package hyperref Info: Hyper figures OFF on input line 4550.
Package hyperref Info: Link nesting OFF on input line 4555.
Package hyperref Info: Hyper index ON on input line 4558.
Package hyperref Info: Plain pages OFF on input line 4565.
Package hyperref Info: Backreferencing OFF on input line 4570.
Package hyperref Info: Implicit mode ON; LaTeX internals redefined.
Package hyperref Info: Bookmarks ON on input line 4803.
\c@Hy@tempcnt=\count299

(/usr/local/texlive/2019/texmf-dist/tex/latex/url/url.sty
\Urlmuskip=\muskip11
Package: url 2013/09/16  ver 3.4  Verb mode for urls, etc.
)
LaTeX Info: Redefining \url on input line 5156.
\XeTeXLinkMargin=\dimen178
\Fld@menulength=\count300
\Field@Width=\dimen179
\Fld@charsize=\dimen180
Package hyperref Info: Hyper figures OFF on input line 6411.
Package hyperref Info: Link nesting OFF on input line 6416.
Package hyperref Info: Hyper index ON on input line 6419.
Package hyperref Info: backreferencing OFF on input line 6426.
Package hyperref Info: Link coloring OFF on input line 6431.
Package hyperref Info: Link coloring with OCG OFF on input line 6436.
Package hyperref Info: PDF/A mode OFF on input line 6441.
LaTeX Info: Redefining \ref on input line 6481.
LaTeX Info: Redefining \pageref on input line 6485.
\Hy@abspage=\count301
\c@Item=\count302
\c@Hfootnote=\count303
)
(/usr/local/texlive/2019/texmf-dist/tex/latex/memoir/memhfixc.sty
Package: memhfixc 2013/05/30 v1.17 nameref/hyperref package fixes for memoir cl
ass
\c@memhycontfloat=\count304
\c@Hpagenote=\count305
)
Package hyperref Info: Driver: hpdftex.

(/usr/local/texlive/2019/texmf-dist/tex/latex/hyperref/hpdftex.def
File: hpdftex.def 2019/09/12 v6.88i Hyperref driver for pdfTeX
\Fld@listcount=\count306
\c@bookmark@seq@number=\count307

(/usr/local/texlive/2019/texmf-dist/tex/latex/oberdiek/rerunfilecheck.sty
Package: rerunfilecheck 2016/05/16 v1.8 Rerun checks for auxiliary files (HO)
Package uniquecounter Info: New unique counter `rerunfilecheck' on input line 2
82.
)
\Hy@SectionHShift=\skip275
)
(/usr/local/texlive/2019/texmf-dist/tex/latex/graphics/graphicx.sty
Package: graphicx 2017/06/01 v1.1a Enhanced LaTeX Graphics (DPC,SPQR)

(/usr/local/texlive/2019/texmf-dist/tex/latex/graphics/graphics.sty
Package: graphics 2017/06/25 v1.2c Standard LaTeX Graphics (DPC,SPQR)

(/usr/local/texlive/2019/texmf-dist/tex/latex/graphics/trig.sty
Package: trig 2016/01/03 v1.10 sin cos tan (DPC)
)
(/usr/local/texlive/2019/texmf-dist/tex/latex/graphics-cfg/graphics.cfg
File: graphics.cfg 2016/06/04 v1.11 sample graphics configuration
)
Package graphics Info: Driver file: pdftex.def on input line 99.
)
\Gin@req@height=\dimen181
\Gin@req@width=\dimen182
)
(./main.aux (./skroty.aux) (./rozdzial01.aux) (./rozdzial02.aux)
(./rozdzial03.aux

LaTeX Warning: Label `Rotacja magnetometru' multiply defined.

) (./rozdzial04.aux) (./rozdzial05.aux) (./rozdzial06.aux) (./rozdzial07.aux)
(./dodatekA.aux) (./dodatekB.aux))
\openout1 = `main.aux'.

LaTeX Font Info:    Checking defaults for OML/cmm/m/it on input line 513.
LaTeX Font Info:    ... okay on input line 513.
LaTeX Font Info:    Checking defaults for T1/cmr/m/n on input line 513.
LaTeX Font Info:    ... okay on input line 513.
LaTeX Font Info:    Checking defaults for OT1/cmr/m/n on input line 513.
LaTeX Font Info:    ... okay on input line 513.
LaTeX Font Info:    Checking defaults for OMS/cmsy/m/n on input line 513.
LaTeX Font Info:    ... okay on input line 513.
LaTeX Font Info:    Checking defaults for OMX/cmex/m/n on input line 513.
LaTeX Font Info:    ... okay on input line 513.
LaTeX Font Info:    Checking defaults for U/cmr/m/n on input line 513.
LaTeX Font Info:    ... okay on input line 513.
LaTeX Font Info:    Checking defaults for TS1/cmr/m/n on input line 513.
LaTeX Font Info:    Try loading font information for TS1+cmr on input line 513.


(/usr/local/texlive/2019/texmf-dist/tex/latex/base/ts1cmr.fd
File: ts1cmr.fd 2014/09/29 v2.5h Standard LaTeX font definitions
)
LaTeX Font Info:    ... okay on input line 513.
LaTeX Font Info:    Checking defaults for PD1/pdf/m/n on input line 513.
LaTeX Font Info:    ... okay on input line 513.
LaTeX Font Info:    Checking defaults for PU/pdf/m/n on input line 513.
LaTeX Font Info:    ... okay on input line 513.
LaTeX Font Info:    Try loading font information for T1+qtm on input line 513.

(/usr/local/texlive/2019/texmf-dist/tex/latex/tex-gyre/t1qtm.fd
File: t1qtm.fd 2009/09/25 v1.2 font definition file for T1/qtm
)

LaTeX Font Warning: Font shape `T1/qtm/regular/n' undefined
(Font)              using `T1/qtm/m/n' instead on input line 513.

(/usr/local/texlive/2019/texmf-dist/tex/context/base/mkii/supp-pdf.mkii
[Loading MPS to PDF converter (version 2006.09.02).]
\scratchcounter=\count308
\scratchdimen=\dimen183
\scratchbox=\box64
\nofMPsegments=\count309
\nofMParguments=\count310
\everyMPshowfont=\toks35
\MPscratchCnt=\count311
\MPscratchDim=\dimen184
\MPnumerator=\count312
\makeMPintoPDFobject=\count313
\everyMPtoPDFconversion=\toks36
) (/usr/local/texlive/2019/texmf-dist/tex/latex/oberdiek/epstopdf-base.sty
Package: epstopdf-base 2016/05/15 v2.6 Base part for package epstopdf

(/usr/local/texlive/2019/texmf-dist/tex/latex/oberdiek/grfext.sty
Package: grfext 2016/05/16 v1.2 Manage graphics extensions (HO)
)
Package epstopdf-base Info: Redefining graphics rule for `.eps' on input line 4
38.
Package grfext Info: Graphics extension search list:
(grfext)             [.pdf,.jpg,.mps,.png,.eps]
(grfext)             \AppendGraphicsExtensions on input line 456.

(/usr/local/texlive/2019/texmf-dist/tex/latex/latexconfig/epstopdf-sys.cfg
File: epstopdf-sys.cfg 2010/07/13 v1.3 Configuration of (r)epstopdf for TeX Liv
e
))
\c@mv@tabular=\count314
\c@mv@boldtabular=\count315
\c@lstlisting=\count316


Package layouts Warning: Layout scale set to 0.5 on input line 513.

\AtBeginShipoutBox=\box65
Package hyperref Info: Link coloring OFF on input line 513.
(/usr/local/texlive/2019/texmf-dist/tex/latex/hyperref/nameref.sty
Package: nameref 2019/09/12 v2.45 Cross-referencing by name of section

(/usr/local/texlive/2019/texmf-dist/tex/generic/oberdiek/gettitlestring.sty
Package: gettitlestring 2016/05/16 v1.5 Cleanup title references (HO)
)
\c@section@level=\count317
)
Redoing nameref's sectioning
Redoing nameref's label
LaTeX Info: Redefining \nameref on input line 513.
LaTeX Info: Redefining \ref on input line 513.
LaTeX Info: Redefining \pageref on input line 513.
LaTeX Info: Redefining \nameref on input line 513.
(./main.out) (./main.out)
\@outlinefile=\write5
\openout5 = `main.out'.

LaTeX Font Info:    Try loading font information for T1+EBGaramond-OsF on input
 line 521.

(/usr/local/texlive/2019/texmf-dist/tex/latex/ebgaramond/T1EBGaramond-OsF.fd
File: T1EBGaramond-OsF.fd 2019/05/04 (autoinst) Font definitions for T1/EBGaram
ond-OsF.
)
LaTeX Font Info:    Font shape `T1/EBGaramond-OsF/regular/n' will be
(Font)              scaled to size 12.0pt on input line 521.
\tmpfboxrule=\skip276
LaTeX Font Info:    Font shape `T1/EBGaramond-OsF/regular/n' will be
(Font)              scaled to size 16.0pt on input line 521.
LaTeX Font Info:    Font shape `T1/EBGaramond-OsF/regular/n' will be
(Font)              scaled to size 14.0pt on input line 521.
LaTeX Font Info:    Try loading font information for OT1+lmr on input line 521.


(/usr/local/texlive/2019/texmf-dist/tex/latex/lm/ot1lmr.fd
File: ot1lmr.fd 2009/10/30 v1.6 Font defs for Latin Modern
)
LaTeX Font Info:    Try loading font information for OML+lmm on input line 521.


(/usr/local/texlive/2019/texmf-dist/tex/latex/lm/omllmm.fd
File: omllmm.fd 2009/10/30 v1.6 Font defs for Latin Modern
)
LaTeX Font Info:    Try loading font information for OMS+lmsy on input line 521
.

(/usr/local/texlive/2019/texmf-dist/tex/latex/lm/omslmsy.fd
File: omslmsy.fd 2009/10/30 v1.6 Font defs for Latin Modern
)
LaTeX Font Info:    Try loading font information for OMX+lmex on input line 521
.

(/usr/local/texlive/2019/texmf-dist/tex/latex/lm/omxlmex.fd
File: omxlmex.fd 2009/10/30 v1.6 Font defs for Latin Modern
)
LaTeX Font Info:    External font `lmex10' loaded for size
(Font)              <12> on input line 521.
LaTeX Font Info:    External font `lmex10' loaded for size
(Font)              <8> on input line 521.
LaTeX Font Info:    External font `lmex10' loaded for size
(Font)              <6> on input line 521.
LaTeX Font Info:    Font shape `T1/EBGaramond-OsF/regular/n' will be
(Font)              scaled to size 22.0pt on input line 521.
LaTeX Font Info:    Calculating math sizes for size <14> on input line 521.
LaTeX Font Info:    External font `lmex10' loaded for size
(Font)              <14> on input line 521.
LaTeX Font Info:    External font `lmex10' loaded for size
(Font)              <9.79996> on input line 521.
LaTeX Font Info:    External font `lmex10' loaded for size
(Font)              <7> on input line 521.
LaTeX Font Info:    Font shape `T1/EBGaramond-OsF/regular/n' will be
(Font)              scaled to size 32.0pt on input line 521.

Underfull \hbox (badness 10000) in alignment at lines 521--521
[][] 
 []


Overfull \hbox (14.5pt too wide) in paragraph at lines 521--521
[][]
 []


Class memoir Warning: The material used in the headers is too large
(14.49998pt) for the given head height (13.6pt), it is recommended to
either increase the head height or redesign the header
(in both cases you will find help in the memoir manual). on input line 521.


Overfull \vbox (0.89998pt too high) has occurred while \output is active []


[1

{/usr/local/texlive/2019/texmf-var/fonts/map/pdftex/updmap/pdftex.map}]
Overfull \vbox (0.89998pt too high) has occurred while \output is active []


[2

]

LaTeX Font Warning: Font shape `T1/qtm/regular/it' undefined
(Font)              using `T1/qtm/regular/n' instead on input line 524.


Overfull \vbox (0.89998pt too high) has occurred while \output is active []


[3]
Overfull \vbox (0.89998pt too high) has occurred while \output is active []


[4

]

LaTeX Font Warning: Font shape `T1/qtm/bold/n' undefined
(Font)              using `T1/qtm/m/n' instead on input line 547.

(./main.toc
Overfull \vbox (0.89998pt too high) has occurred while \output is active []


[5])
Overfull \vbox (0.89998pt too high) has occurred while \output is active []


[6] (./main.lof)
Overfull \vbox (0.89998pt too high) has occurred while \output is active []


[7] (./main.lot)
Overfull \vbox (0.89998pt too high) has occurred while \output is active []


[8]
\openout2 = `skroty.aux'.


No file skroty.tex.
\openout2 = `rozdzial01.aux'.

(./rozdzial01.tex)
Overfull \vbox (0.89998pt too high) has occurred while \output is active []


[9




]
\openout2 = `rozdzial02.aux'.

 (./rozdzial02.tex
Overfull \vbox (0.89998pt too high) has occurred while \output is active []


[10



]
<Rysunki/Rozdzial02/Schemat_wozek_kola.png, id=436, 783.92876pt x 519.9425pt>
File: Rysunki/Rozdzial02/Schemat_wozek_kola.png Graphic file (type png)
<use Rysunki/Rozdzial02/Schemat_wozek_kola.png>
Package pdftex.def Info: Rysunki/Rozdzial02/Schemat_wozek_kola.png  used on inp
ut line 6.
(pdftex.def)             Requested size: 341.25pt x 226.33977pt.
LaTeX Font Info:    Try loading font information for T1+txtt on input line 13.
 (/usr/local/texlive/2019/texmf-dist/tex/latex/txfonts/t1txtt.fd
File: t1txtt.fd 2000/12/15 v3.1
)
<Rysunki/Rozdzial02/Schemat_modelu_dynamiki.png, id=439, 613.29124pt x 600.2425
pt>
File: Rysunki/Rozdzial02/Schemat_modelu_dynamiki.png Graphic file (type png)
<use Rysunki/Rozdzial02/Schemat_modelu_dynamiki.png>
Package pdftex.def Info: Rysunki/Rozdzial02/Schemat_modelu_dynamiki.png  used o
n input line 17.
(pdftex.def)             Requested size: 341.25pt x 333.99031pt.


LaTeX Warning: `!h' float specifier changed to `!ht'.


Overfull \vbox (0.89998pt too high) has occurred while \output is active []


[11 <./Rysunki/Rozdzial02/Schemat_wozek_kola.png>]

LaTeX Warning: `!h' float specifier changed to `!ht'.


Overfull \vbox (0.89998pt too high) has occurred while \output is active []


[12 <./Rysunki/Rozdzial02/Schemat_modelu_dynamiki.png>]
Overfull \vbox (0.89998pt too high) has occurred while \output is active []


[13]
Underfull \hbox (badness 10000) in paragraph at lines 176--177

 []


Overfull \vbox (0.89998pt too high) has occurred while \output is active []


[14]
Underfull \hbox (badness 10000) in paragraph at lines 315--317

 []


Underfull \hbox (badness 10000) in paragraph at lines 319--321

 []


Underfull \hbox (badness 10000) in paragraph at lines 327--329

 []


Overfull \vbox (0.89998pt too high) has occurred while \output is active []


[15]
Underfull \hbox (badness 10000) in paragraph at lines 357--359

 []


Underfull \hbox (badness 10000) in paragraph at lines 361--363

 []


Underfull \hbox (badness 10000) in paragraph at lines 369--371

 []


Underfull \hbox (badness 10000) in paragraph at lines 411--413

 []


Underfull \hbox (badness 10000) in paragraph at lines 411--413

 []


Underfull \hbox (badness 10000) in paragraph at lines 435--437

 []


Underfull \hbox (badness 10000) in paragraph at lines 435--437

 []


Overfull \vbox (0.89998pt too high) has occurred while \output is active []


[16]
<Rysunki/Rozdzial02/Pojedynczy_PID.png, id=488, 1893.0725pt x 859.21pt>
File: Rysunki/Rozdzial02/Pojedynczy_PID.png Graphic file (type png)
<use Rysunki/Rozdzial02/Pojedynczy_PID.png>
Package pdftex.def Info: Rysunki/Rozdzial02/Pojedynczy_PID.png  used on input l
ine 462.
(pdftex.def)             Requested size: 409.49722pt x 185.85405pt.

Underfull \hbox (badness 10000) in paragraph at lines 490--492

 []

<Rysunki/Rozdzial02/Pojedynczy_PID_animacja.png, id=489, 1399.2275pt x 812.0337
5pt>
File: Rysunki/Rozdzial02/Pojedynczy_PID_animacja.png Graphic file (type png)
<use Rysunki/Rozdzial02/Pojedynczy_PID_animacja.png>
Package pdftex.def Info: Rysunki/Rozdzial02/Pojedynczy_PID_animacja.png  used o
n input line 493.
(pdftex.def)             Requested size: 409.49722pt x 237.63972pt.

Underfull \hbox (badness 10000) in paragraph at lines 500--502

 []

<Rysunki/Rozdzial02/Pojedynczy_PID_wykresy.png, id=490, 1577.895pt x 815.045pt>

File: Rysunki/Rozdzial02/Pojedynczy_PID_wykresy.png Graphic file (type png)
<use Rysunki/Rozdzial02/Pojedynczy_PID_wykresy.png>
Package pdftex.def Info: Rysunki/Rozdzial02/Pojedynczy_PID_wykresy.png  used on
 input line 503.
(pdftex.def)             Requested size: 409.49722pt x 211.52116pt.

Overfull \vbox (0.89998pt too high) has occurred while \output is active []


[17 <./Rysunki/Rozdzial02/Pojedynczy_PID.png>]
Overfull \vbox (0.89998pt too high) has occurred while \output is active []


[18 <./Rysunki/Rozdzial02/Pojedynczy_PID_animacja.png> <./Rysunki/Rozdzial02/Po
jedynczy_PID_wykresy.png>]
<Rysunki/Rozdzial02/Podwojny_PID.png, id=502, 1892.06876pt x 860.21375pt>
File: Rysunki/Rozdzial02/Podwojny_PID.png Graphic file (type png)
<use Rysunki/Rozdzial02/Podwojny_PID.png>
Package pdftex.def Info: Rysunki/Rozdzial02/Podwojny_PID.png  used on input lin
e 516.
(pdftex.def)             Requested size: 409.49722pt x 186.16304pt.

Underfull \hbox (badness 10000) in paragraph at lines 562--564

 []


Underfull \hbox (badness 10000) in paragraph at lines 562--564

 []

<Rysunki/Rozdzial02/Podwojny_PID_animacja.png, id=503, 1204.5pt x 667.49374pt>
File: Rysunki/Rozdzial02/Podwojny_PID_animacja.png Graphic file (type png)
<use Rysunki/Rozdzial02/Podwojny_PID_animacja.png>
Package pdftex.def Info: Rysunki/Rozdzial02/Podwojny_PID_animacja.png  used on 
input line 565.
(pdftex.def)             Requested size: 409.49722pt x 226.9347pt.

LaTeX Warning: `!h' float specifier changed to `!ht'.


Underfull \hbox (badness 10000) in paragraph at lines 571--573

 []


Underfull \hbox (badness 10000) in paragraph at lines 571--573

 []

<Rysunki/Rozdzial02/Podwojny_PID_wykresy.png, id=504, 1226.5825pt x 672.5125pt>

File: Rysunki/Rozdzial02/Podwojny_PID_wykresy.png Graphic file (type png)
<use Rysunki/Rozdzial02/Podwojny_PID_wykresy.png>
Package pdftex.def Info: Rysunki/Rozdzial02/Podwojny_PID_wykresy.png  used on i
nput line 574.
(pdftex.def)             Requested size: 409.49722pt x 224.51575pt.

LaTeX Warning: `!h' float specifier changed to `!ht'.

)
Overfull \vbox (0.89998pt too high) has occurred while \output is active []


[19 <./Rysunki/Rozdzial02/Podwojny_PID.png>]
Overfull \vbox (0.89998pt too high) has occurred while \output is active []


[20 <./Rysunki/Rozdzial02/Podwojny_PID_animacja.png> <./Rysunki/Rozdzial02/Podw
ojny_PID_wykresy.png>]
\openout2 = `rozdzial03.aux'.

 (./rozdzial03.tex
<Rysunki/Rozdzial03/Zyroskop.png, id=517, 657.45625pt x 452.69125pt>
File: Rysunki/Rozdzial03/Zyroskop.png Graphic file (type png)
<use Rysunki/Rozdzial03/Zyroskop.png>
Package pdftex.def Info: Rysunki/Rozdzial03/Zyroskop.png  used on input line 57
.
(pdftex.def)             Requested size: 273.00278pt x 187.98079pt.

Overfull \vbox (0.89998pt too high) has occurred while \output is active []


[21



 <./Rysunki/Rozdzial03/Zyroskop.png>]
Overfull \vbox (0.89998pt too high) has occurred while \output is active []


[22]
<Rysunki/Rozdzial03/Akcelerometr.png, id=532, 657.45625pt x 452.69125pt>
File: Rysunki/Rozdzial03/Akcelerometr.png Graphic file (type png)
<use Rysunki/Rozdzial03/Akcelerometr.png>
Package pdftex.def Info: Rysunki/Rozdzial03/Akcelerometr.png  used on input lin
e 155.
(pdftex.def)             Requested size: 273.00278pt x 187.98079pt.

Overfull \vbox (0.89998pt too high) has occurred while \output is active []


[23

 <./Rysunki/Rozdzial03/Akcelerometr.png>]
<Rysunki/Rozdzial03/Magnetometr.png, id=540, 669.50125pt x 473.77pt>
File: Rysunki/Rozdzial03/Magnetometr.png Graphic file (type png)
<use Rysunki/Rozdzial03/Magnetometr.png>
Package pdftex.def Info: Rysunki/Rozdzial03/Magnetometr.png  used on input line
 282.
(pdftex.def)             Requested size: 273.00278pt x 193.1915pt.
<Rysunki/Rozdzial03/Magnetometr_odchylenie.png, id=541, 311.1625pt x 332.24126p
t>
File: Rysunki/Rozdzial03/Magnetometr_odchylenie.png Graphic file (type png)
<use Rysunki/Rozdzial03/Magnetometr_odchylenie.png>
Package pdftex.def Info: Rysunki/Rozdzial03/Magnetometr_odchylenie.png  used on
 input line 289.
(pdftex.def)             Requested size: 136.50139pt x 145.75061pt.

Overfull \vbox (0.89998pt too high) has occurred while \output is active []


[24 <./Rysunki/Rozdzial03/Magnetometr.png> <./Rysunki/Rozdzial03/Magnetometr_od
chylenie.png>]
<Rysunki/Rozdzial03/Magnetometr_nieskalibrowany_XY.png, id=551, 557.08125pt x 5
54.07pt>
File: Rysunki/Rozdzial03/Magnetometr_nieskalibrowany_XY.png Graphic file (type 
png)
<use Rysunki/Rozdzial03/Magnetometr_nieskalibrowany_XY.png>
Package pdftex.def Info: Rysunki/Rozdzial03/Magnetometr_nieskalibrowany_XY.png 
 used on input line 380.
(pdftex.def)             Requested size: 227.5pt x 226.26555pt.
<Rysunki/Rozdzial03/Magnetometr_nieskalibrowany_XZ.png, id=552, 557.08125pt x 5
55.57562pt>
File: Rysunki/Rozdzial03/Magnetometr_nieskalibrowany_XZ.png Graphic file (type 
png)
<use Rysunki/Rozdzial03/Magnetometr_nieskalibrowany_XZ.png>
Package pdftex.def Info: Rysunki/Rozdzial03/Magnetometr_nieskalibrowany_XZ.png 
 used on input line 381.
(pdftex.def)             Requested size: 227.5pt x 226.88039pt.
<Rysunki/Rozdzial03/Magnetometr_nieskalibrowany_YZ.png, id=553, 556.32843pt x 5
55.57562pt>
File: Rysunki/Rozdzial03/Magnetometr_nieskalibrowany_YZ.png Graphic file (type 
png)
<use Rysunki/Rozdzial03/Magnetometr_nieskalibrowany_YZ.png>
Package pdftex.def Info: Rysunki/Rozdzial03/Magnetometr_nieskalibrowany_YZ.png 
 used on input line 382.
(pdftex.def)             Requested size: 227.5pt x 227.19405pt.


LaTeX Warning: `!h' float specifier changed to `!ht'.


Overfull \vbox (0.89998pt too high) has occurred while \output is active []


[25]
<Rysunki/Rozdzial03/Magnetometr_skalibrowany_hardiron_XY.png, id=564, 555.57562
pt x 551.81157pt>
File: Rysunki/Rozdzial03/Magnetometr_skalibrowany_hardiron_XY.png Graphic file 
(type png)
<use Rysunki/Rozdzial03/Magnetometr_skalibrowany_hardiron_XY.png>
Package pdftex.def Info: Rysunki/Rozdzial03/Magnetometr_skalibrowany_hardiron_X
Y.png  used on input line 436.
(pdftex.def)             Requested size: 227.5pt x 225.95793pt.
<Rysunki/Rozdzial03/Magnetometr_skalibrowany_hardiron_XZ.png, id=565, 557.83406
pt x 554.07pt>
File: Rysunki/Rozdzial03/Magnetometr_skalibrowany_hardiron_XZ.png Graphic file 
(type png)
<use Rysunki/Rozdzial03/Magnetometr_skalibrowany_hardiron_XZ.png>
Package pdftex.def Info: Rysunki/Rozdzial03/Magnetometr_skalibrowany_hardiron_X
Z.png  used on input line 437.
(pdftex.def)             Requested size: 227.5pt x 225.96118pt.
<Rysunki/Rozdzial03/Magnetometr_skalibrowany_hardiron_YZ.png, id=566, 557.83406
pt x 551.81157pt>
File: Rysunki/Rozdzial03/Magnetometr_skalibrowany_hardiron_YZ.png Graphic file 
(type png)
<use Rysunki/Rozdzial03/Magnetometr_skalibrowany_hardiron_YZ.png>
Package pdftex.def Info: Rysunki/Rozdzial03/Magnetometr_skalibrowany_hardiron_Y
Z.png  used on input line 438.
(pdftex.def)             Requested size: 227.5pt x 225.04015pt.


LaTeX Warning: `!h' float specifier changed to `!ht'.

)
Overfull \vbox (0.89998pt too high) has occurred while \output is active []


[26]
Overfull \vbox (0.89998pt too high) has occurred while \output is active []


[27 <./Rysunki/Rozdzial03/Magnetometr_nieskalibrowany_XY.png> <./Rysunki/Rozdzi
al03/Magnetometr_nieskalibrowany_XZ.png> <./Rysunki/Rozdzial03/Magnetometr_nies
kalibrowany_YZ.png>]
Overfull \vbox (0.89998pt too high) has occurred while \output is active []


[28 <./Rysunki/Rozdzial03/Magnetometr_skalibrowany_hardiron_XY.png> <./Rysunki/
Rozdzial03/Magnetometr_skalibrowany_hardiron_XZ.png> <./Rysunki/Rozdzial03/Magn
etometr_skalibrowany_hardiron_YZ.png>]
\openout2 = `rozdzial04.aux'.

 (./rozdzial04.tex
Overfull \vbox (0.89998pt too high) has occurred while \output is active []


[29



])
Overfull \vbox (0.89998pt too high) has occurred while \output is active []


[30]
\openout2 = `rozdzial05.aux'.

 (./rozdzial05.tex
LaTeX Font Info:    External font `lmex10' loaded for size
(Font)              <14.4> on input line 31.
LaTeX Font Info:    External font `lmex10' loaded for size
(Font)              <10> on input line 31.


Package hyperref Warning: Token not allowed in a PDF string (Unicode):
(hyperref)                removing `math shift' on input line 31.


Package hyperref Warning: Token not allowed in a PDF string (Unicode):
(hyperref)                removing `superscript' on input line 31.


Package hyperref Warning: Token not allowed in a PDF string (Unicode):
(hyperref)                removing `math shift' on input line 31.


Overfull \vbox (0.89998pt too high) has occurred while \output is active []


[31



])
Overfull \vbox (0.89998pt too high) has occurred while \output is active []


[32]
\openout2 = `rozdzial06.aux'.

 (./rozdzial06.tex)
Overfull \vbox (0.89998pt too high) has occurred while \output is active []


[33



]
\openout2 = `rozdzial07.aux'.

 (./rozdzial07.tex
Overfull \vbox (0.89998pt too high) has occurred while \output is active []


[34



])
Overfull \vbox (0.89998pt too high) has occurred while \output is active []


[35] (./main.bbl
Overfull \vbox (0.89998pt too high) has occurred while \output is active []


[36


]
bibitemlist
)
Overfull \vbox (0.89998pt too high) has occurred while \output is active []


[37]
\openout2 = `dodatekA.aux'.

 (./dodatekA.tex
Overfull \vbox (0.89998pt too high) has occurred while \output is active []


[38


])
Overfull \vbox (0.89998pt too high) has occurred while \output is active []


[39]
\openout2 = `dodatekB.aux'.

 (./dodatekB.tex
Overfull \vbox (0.89998pt too high) has occurred while \output is active []


[40



])
Overfull \vbox (0.89998pt too high) has occurred while \output is active []


[41]
Overfull \vbox (0.89998pt too high) has occurred while \output is active []


[42


]
No file main.ind.

Class memoir Warning: The material used in the headers is too large
(14.49998pt) for the given head height (13.6pt), it is recommended to
either increase the head height or redesign the header
(in both cases you will find help in the memoir manual). on input line 594.

\tf@toc=\write6
\openout6 = `main.toc'.

\tf@lof=\write7
\openout7 = `main.lof'.

\tf@lot=\write8
\openout8 = `main.lot'.


Package imakeidx Warning: Remember to run (pdf)latex again after calling
(imakeidx)                `makeindex main.idx'.

Package atveryend Info: Empty hook `BeforeClearDocument' on input line 594.
Package atveryend Info: Empty hook `AfterLastShipout' on input line 594.
(./main.aux (./skroty.aux) (./rozdzial01.aux) (./rozdzial02.aux)
(./rozdzial03.aux) (./rozdzial04.aux) (./rozdzial05.aux) (./rozdzial06.aux)
(./rozdzial07.aux) (./dodatekA.aux) (./dodatekB.aux))
Package atveryend Info: Executing hook `AtVeryEndDocument' on input line 594.
Package atveryend Info: Executing hook `AtEndAfterFileList' on input line 594.
Package rerunfilecheck Info: File `main.out' has not changed.
(rerunfilecheck)             Checksum: 8725D78D91ABE5513CE19EE9AF9A494C;12149.


LaTeX Font Warning: Some font shapes were not available, defaults substituted.


LaTeX Warning: There were multiply-defined labels.

Package atveryend Info: Empty hook `AtVeryVeryEnd' on input line 594.
 ) 
Here is how much of TeX's memory you used:
 17158 strings out of 492609
 250033 string characters out of 6129048
 394914 words of memory out of 5000000
 20593 multiletter control sequences out of 15000+600000
 102372 words of font info for 64 fonts, out of 8000000 for 9000
 1141 hyphenation exceptions out of 8191
 39i,13n,37p,699b,489s stack positions out of 5000i,500n,10000p,200000b,80000s
{/usr/local/texlive/2019/texmf-dist/fonts/enc/dvips/lm/lm-rm.enc}{/usr/local/
texlive/2019/texmf-dist/fonts/enc/dvips/lm/lm-mathit.enc}{/usr/local/texlive/20
19/texmf-dist/fonts/enc/dvips/lm/lm-mathsy.enc}{/usr/local/texlive/2019/texmf-d
ist/fonts/enc/dvips/lm/lm-mathex.enc}{/usr/local/texlive/2019/texmf-dist/fonts/
enc/dvips/tex-gyre/q-ec.enc}{/usr/local/texlive/2019/texmf-dist/fonts/enc/dvips
/ebgaramond/ebgm_a253pk.enc}</usr/local/texlive/2019/texmf-dist/fonts/type1/pub
lic/ebgaramond/EBGaramond-Regular.pfb></usr/local/texlive/2019/texmf-dist/fonts
/type1/public/lm/lmbx12.pfb></usr/local/texlive/2019/texmf-dist/fonts/type1/pub
lic/lm/lmbx8.pfb></usr/local/texlive/2019/texmf-dist/fonts/type1/public/lm/lmex
10.pfb></usr/local/texlive/2019/texmf-dist/fonts/type1/public/lm/lmmi12.pfb></u
sr/local/texlive/2019/texmf-dist/fonts/type1/public/lm/lmmi6.pfb></usr/local/te
xlive/2019/texmf-dist/fonts/type1/public/lm/lmmi8.pfb></usr/local/texlive/2019/
texmf-dist/fonts/type1/public/lm/lmr10.pfb></usr/local/texlive/2019/texmf-dist/
fonts/type1/public/lm/lmr12.pfb></usr/local/texlive/2019/texmf-dist/fonts/type1
/public/lm/lmr6.pfb></usr/local/texlive/2019/texmf-dist/fonts/type1/public/lm/l
mr8.pfb></usr/local/texlive/2019/texmf-dist/fonts/type1/public/lm/lmsy10.pfb></
usr/local/texlive/2019/texmf-dist/fonts/type1/public/lm/lmsy8.pfb></usr/local/t
exlive/2019/texmf-dist/fonts/type1/public/tex-gyre/qtmr.pfb></usr/local/texlive
/2019/texmf-dist/fonts/type1/public/txfonts/t1xtt.pfb>
Output written on main.pdf (42 pages, 1789888 bytes).
PDF statistics:
 744 PDF objects out of 1000 (max. 8388607)
 642 compressed objects within 7 object streams
 151 named destinations out of 1000 (max. 500000)
 643 words of extra memory for PDF output out of 10000 (max. 10000000)

